\BOOKMARK [0][-]{chapter.1}{Links Between xcvu13p\1370 to xcvu13p\1371 Overview \(1 of 2\)}{}% 1
\BOOKMARK [0][-]{chapter.2}{Links of xcvu13p\1370 to xcvu13p\1371 Details \(1 of 2\)}{}% 2
\BOOKMARK [0][-]{chapter.3}{Links Between xcvu13p\1370 to xcvu13p\1371 Overview \(2 of 2\)}{}% 3
\BOOKMARK [0][-]{chapter.4}{Links of xcvu13p\1370 to xcvu13p\1371 Details \(2 of 2\)}{}% 4
\BOOKMARK [0][-]{chapter.5}{Links Between xcvu13p\1371 to xcvu13p\1370 Overview \(1 of 2\)}{}% 5
\BOOKMARK [0][-]{chapter.6}{Links of xcvu13p\1371 to xcvu13p\1370 Details \(1 of 2\)}{}% 6
\BOOKMARK [0][-]{chapter.7}{Links Between xcvu13p\1371 to xcvu13p\1370 Overview \(2 of 2\)}{}% 7
\BOOKMARK [0][-]{chapter.8}{Links of xcvu13p\1371 to xcvu13p\1370 Details \(2 of 2\)}{}% 8
\BOOKMARK [0][-]{chapter.9}{FF Links Between xcvu13p\1370 and xcvu13p\1371 Overview}{}% 9
\BOOKMARK [0][-]{chapter.10}{FF Links of xcvu13p\1370 and xcvu13p\1371 Details}{}% 10
\BOOKMARK [0][-]{chapter.11}{Links Between xcvu13p\1370 and xcvu13p\1370 Overview}{}% 11
\BOOKMARK [0][-]{chapter.12}{Links of xcvu13p\1370 to xcvu13p\1370 Details}{}% 12
\BOOKMARK [0][-]{chapter.13}{xcvu13p\1370 Loopback Links Overview}{}% 13
\BOOKMARK [0][-]{chapter.14}{xcvu13p\1370 Loopback Link Details}{}% 14
\BOOKMARK [0][-]{chapter.15}{Links Between xcvu13p\1371 to xcvu13p\1371 Overview}{}% 15
\BOOKMARK [0][-]{chapter.16}{Links of xcvu13p\1371 to xcvu13p\1371 Details}{}% 16
\BOOKMARK [0][-]{chapter.17}{xcvu13p\1371 Loopback Links Overview \(1 of 2\)}{}% 17
\BOOKMARK [0][-]{chapter.18}{xcvu13p\1371 Loopback Link Details \(1 of 2\)}{}% 18
\BOOKMARK [0][-]{chapter.19}{xcvu13p\1371 Loopback Links Overview \(2 of 2\)}{}% 19
\BOOKMARK [0][-]{chapter.20}{xcvu13p\1371 Loopback Link Details \(2 of 2\)}{}% 20
